<?xml version="1.0" encoding="UTF-8"?>
<Site BuildName="(empty)"
	BuildStamp="20231210-2036-Experimental"
	Name="(empty)"
	Generator="ctest-3.27.7"
	CompilerName=""
	CompilerVersion=""
	OSName="Linux"
	Hostname="fedora"
	OSRelease="6.6.4-200.fc39.x86_64"
	OSVersion="#1 SMP PREEMPT_DYNAMIC Sun Dec  3 18:13:11 UTC 2023"
	OSPlatform="x86_64"
	Is64Bits="1"
	VendorString="GenuineIntel"
	VendorID="Intel Corporation"
	FamilyID="6"
	ModelID="42"
	ProcessorCacheSize="6144"
	NumberOfLogicalCPU="4"
	NumberOfPhysicalCPU="4"
	TotalVirtualMemory="8191"
	TotalPhysicalMemory="9925"
	LogicalProcessorsPerPhysical="1"
	ProcessorClockFrequency="3510.12"
	>
	<Testing>
		<StartDateTime>Dec 11 01:32 MSK</StartDateTime>
		<StartTestTime>1702247544</StartTestTime>
		<TestList/>
		<EndDateTime>Dec 11 01:32 MSK</EndDateTime>
		<EndTestTime>1702247544</EndTestTime>
		<ElapsedMinutes>0</ElapsedMinutes>
	</Testing>
</Site>
